<?xml version="1.0" encoding="UTF-8"?>
<testsuite xmlns:xsi="http://www.w3.org/2001/XMLSchema-instance" xsi:noNamespaceSchemaLocation="https://maven.apache.org/surefire/maven-surefire-plugin/xsd/surefire-test-report-3.0.xsd" version="3.0" name="tweettest.TweetAPIClientTest" time="17.16" tests="46" errors="0" skipped="0" failures="7">
  <properties>
[...]
</properties>
  <testcase name="testUserCanTweetSuccessfully" classname="tweettest.TweetAPIClientTest" time="2.432"/>
  <testcase name="testUserCanTweetSuccessfullyAddingRandomUUID" classname="tweettest.TweetAPIClientTest" time="0.353"/>
  <testcase name="testUserCanNotTweetTheSameTweetTwiceInARow" classname="tweettest.TweetAPIClientTest" time="0.415">
    <failure message="1 expectation failed.&#10;Expected status code &lt;403&gt; but was &lt;200&gt;.&#10;" type="java.lang.AssertionError"><![CDATA[java.lang.AssertionError: 
1 expectation failed.
Expected status code <403> but was <200>.

	at tweettest.TweetAPIClientTest.testUserCanNotTweetTheSameTweetTwiceInARow(TweetAPIClientTest.java:47)
]]></failure>
  </testcase>
  <testcase name="testDeleteTweet" classname="tweettest.TweetAPIClientTest" time="0.337"/>
  <testcase name="testResponseTime" classname="tweettest.TweetAPIClientTest" time="0.635">
    <system-out><![CDATA[315
]]></system-out>
  </testcase>
  <testcase name="testHeaderValue" classname="tweettest.TweetAPIClientTest" time="0.33">
    <system-out><![CDATA[cache-control=no-cache, no-store, must-revalidate, pre-check=0, post-check=0
content-disposition=attachment; filename=json.json
content-encoding=gzip
content-length=2512
content-type=application/json;charset=utf-8
date=Fri, 09 Apr 2021 07:08:07 GMT
expires=Tue, 31 Mar 1981 05:00:00 GMT
last-modified=Fri, 09 Apr 2021 07:08:07 GMT
pragma=no-cache
server=tsa_b
set-cookie=personalization_id="v1_CwYm1DHdY7FwwF4VTRuAaQ=="; Max-Age=63072000; Expires=Sun, 09 Apr 2023 07:08:07 GMT; Path=/; Domain=.twitter.com; Secure; SameSite=None
set-cookie=lang=en; Path=/
set-cookie=guest_id=v1%3A161795208696529890; Max-Age=63072000; Expires=Sun, 09 Apr 2023 07:08:07 GMT; Path=/; Domain=.twitter.com; Secure; SameSite=None
status=200 OK
strict-transport-security=max-age=631138519
x-access-level=read-write
x-connection-hash=140bd380c0882786d972c899d4880348
x-content-type-options=nosniff
x-frame-options=SAMEORIGIN
x-rate-limit-limit=15
x-rate-limit-remaining=12
x-rate-limit-reset=1617952986
x-response-time=60
x-transaction=006e5c1000c5101b
x-twitter-response-tags=BouncerCompliant
x-xss-protection=0
]]></system-out>
  </testcase>
  <testcase name="testPropertyFromResponse" classname="tweettest.TweetAPIClientTest" time="0.36">
    <system-out><![CDATA[true
]]></system-out>
  </testcase>
  <testcase name="testGetAccountSettings" classname="tweettest.TweetAPIClientTest" time="0.354">
    <system-out><![CDATA[{
    "protected": false,
    "screen_name": "LKhemouche",
    "always_use_https": true,
    "use_cookie_personalization": true,
    "sleep_time": {
        "enabled": false,
        "end_time": null,
        "start_time": null
    },
    "geo_enabled": false,
    "language": "en",
    "discoverable_by_email": false,
    "discoverable_by_mobile_phone": true,
    "display_sensitive_media": false,
    "allow_contributor_request": "all",
    "allow_dms_from": "following",
    "allow_dm_groups_from": "following",
    "translator_type": "none"
}
]]></system-out>
  </testcase>
  <testcase name="testPostLanguage" classname="tweettest.TweetAPIClientTest" time="0.29">
    <system-out><![CDATA[{
    "protected": false,
    "screen_name": "LKhemouche",
    "always_use_https": true,
    "use_cookie_personalization": true,
    "sleep_time": {
        "enabled": false,
        "end_time": null,
        "start_time": null
    },
    "geo_enabled": false,
    "language": "en",
    "discoverable_by_email": false,
    "discoverable_by_mobile_phone": true,
    "display_sensitive_media": false,
    "allow_contributor_request": "all",
    "allow_dms_from": "following",
    "allow_dm_groups_from": "following",
    "translator_type": "none"
}
]]></system-out>
  </testcase>
  <testcase name="testSearchTweets" classname="tweettest.TweetAPIClientTest" time="0.304">
    <system-out><![CDATA[{
    "created_at": "Fri Apr 02 21:32:53 +0000 2021",
    "id": 1378098132874055681,
    "id_str": "1378098132874055681",
    "text": "I am verifying property from response82115ed8-5fc5-4e67-b893-8829708beed5",
    "truncated": false,
    "entities": {
        "hashtags": [
            
        ],
        "symbols": [
            
        ],
        "user_mentions": [
            
        ],
        "urls": [
            
        ]
    },
    "source": "",
    "in_reply_to_status_id": null,
    "in_reply_to_status_id_str": null,
    "in_reply_to_user_id": null,
    "in_reply_to_user_id_str": null,
    "in_reply_to_screen_name": null,
    "user": {
        "id": 1376019233793048576,
        "id_str": "1376019233793048576",
        "name": "Lyes Khemouche",
        "screen_name": "LKhemouche",
        "location": "",
        "description": "",
        "url": null,
        "entities": {
            "description": {
                "urls": [
                    
                ]
            }
        },
        "protected": false,
        "followers_count": 4,
        "friends_count": 2,
        "listed_count": 2,
        "created_at": "Sun Mar 28 03:52:18 +0000 2021",
        "favourites_count": 0,
        "utc_offset": null,
        "time_zone": null,
        "geo_enabled": false,
        "verified": false,
        "statuses_count": 27,
        "lang": null,
        "contributors_enabled": false,
        "is_translator": false,
        "is_translation_enabled": false,
        "profile_background_color": "F5F8FA",
        "profile_background_image_url": null,
        "profile_background_image_url_https": null,
        "profile_background_tile": false,
        "profile_image_url": "http://abs.twimg.com/sticky/default_profile_images/default_profile_normal.png",
        "profile_image_url_https": "https://abs.twimg.com/sticky/default_profile_images/default_profile_normal.png",
        "profile_link_color": "1DA1F2",
        "profile_sidebar_border_color": "C0DEED",
        "profile_sidebar_fill_color": "DDEEF6",
        "profile_text_color": "333333",
        "profile_use_background_image": true,
        "has_extended_profile": true,
        "default_profile": true,
        "default_profile_image": true,
        "following": false,
        "follow_request_sent": false,
        "notifications": false,
        "translator_type": "none"
    },
    "geo": null,
    "coordinates": null,
    "place": null,
    "contributors": null,
    "is_quote_status": false,
    "retweet_count": 0,
    "favorite_count": 0,
    "favorited": false,
    "retweeted": false,
    "lang": "en"
}
]]></system-out>
  </testcase>
  <testcase name="testGetName" classname="tweettest.TweetAPIClientTest" time="0.305">
    <system-out><![CDATA[{
    "created_at": "Fri Apr 02 21:32:53 +0000 2021",
    "id": 1378098132874055681,
    "id_str": "1378098132874055681",
    "text": "I am verifying property from response82115ed8-5fc5-4e67-b893-8829708beed5",
    "truncated": false,
    "entities": {
        "hashtags": [
            
        ],
        "symbols": [
            
        ],
        "user_mentions": [
            
        ],
        "urls": [
            
        ]
    },
    "source": "",
    "in_reply_to_status_id": null,
    "in_reply_to_status_id_str": null,
    "in_reply_to_user_id": null,
    "in_reply_to_user_id_str": null,
    "in_reply_to_screen_name": null,
    "user": {
        "id": 1376019233793048576,
        "id_str": "1376019233793048576",
        "name": "Lyes Khemouche",
        "screen_name": "LKhemouche",
        "location": "",
        "description": "",
        "url": null,
        "entities": {
            "description": {
                "urls": [
                    
                ]
            }
        },
        "protected": false,
        "followers_count": 4,
        "friends_count": 2,
        "listed_count": 2,
        "created_at": "Sun Mar 28 03:52:18 +0000 2021",
        "favourites_count": 0,
        "utc_offset": null,
        "time_zone": null,
        "geo_enabled": false,
        "verified": false,
        "statuses_count": 27,
        "lang": null,
        "contributors_enabled": false,
        "is_translator": false,
        "is_translation_enabled": false,
        "profile_background_color": "F5F8FA",
        "profile_background_image_url": null,
        "profile_background_image_url_https": null,
        "profile_background_tile": false,
        "profile_image_url": "http://abs.twimg.com/sticky/default_profile_images/default_profile_normal.png",
        "profile_image_url_https": "https://abs.twimg.com/sticky/default_profile_images/default_profile_normal.png",
        "profile_link_color": "1DA1F2",
        "profile_sidebar_border_color": "C0DEED",
        "profile_sidebar_fill_color": "DDEEF6",
        "profile_text_color": "333333",
        "profile_use_background_image": true,
        "has_extended_profile": true,
        "default_profile": true,
        "default_profile_image": true,
        "following": false,
        "follow_request_sent": false,
        "notifications": false,
        "translator_type": "none"
    },
    "geo": null,
    "coordinates": null,
    "place": null,
    "contributors": null,
    "is_quote_status": false,
    "retweet_count": 0,
    "favorite_count": 0,
    "favorited": false,
    "retweeted": false,
    "lang": "en"
}
]]></system-out>
  </testcase>
  <testcase name="testRetweet" classname="tweettest.TweetAPIClientTest" time="0.304">
    <failure message="expected [RT @LKhemouche: I am learning Rest API using Rest Assured and my First Tweet Same Tweet] but found [null]" type="java.lang.AssertionError"><![CDATA[java.lang.AssertionError: expected [RT @LKhemouche: I am learning Rest API using Rest Assured and my First Tweet Same Tweet] but found [null]
	at tweettest.TweetAPIClientTest.testRetweet(TweetAPIClientTest.java:126)
]]></failure>
    <system-out><![CDATA[{
    "errors": [
        {
            "code": 327,
            "message": "You have already retweeted this Tweet."
        }
    ]
}
]]></system-out>
  </testcase>
  <testcase name="testUserCannotRetweetTwice" classname="tweettest.TweetAPIClientTest" time="0.33">
    <system-out><![CDATA[{
    "errors": [
        {
            "code": 327,
            "message": "You have already retweeted this Tweet."
        }
    ]
}
]]></system-out>
  </testcase>
  <testcase name="testUpdateTweet" classname="tweettest.TweetAPIClientTest" time="0.339">
    <system-out><![CDATA[{
    "created_at": "Fri Apr 09 07:08:09 +0000 2021",
    "id": 1380417231436275713,
    "id_str": "1380417231436275713",
    "text": "I updated my using Assured Rest API21379117354064486411",
    "truncated": false,
    "entities": {
        "hashtags": [
            
        ],
        "symbols": [
            
        ],
        "user_mentions": [
            
        ],
        "urls": [
            
        ]
    },
    "source": "",
    "in_reply_to_status_id": null,
    "in_reply_to_status_id_str": null,
    "in_reply_to_user_id": null,
    "in_reply_to_user_id_str": null,
    "in_reply_to_screen_name": null,
    "user": {
        "id": 1376019233793048576,
        "id_str": "1376019233793048576",
        "name": "Lyes Khemouche",
        "screen_name": "LKhemouche",
        "location": "",
        "description": "",
        "url": null,
        "entities": {
            "description": {
                "urls": [
                    
                ]
            }
        },
        "protected": false,
        "followers_count": 4,
        "friends_count": 2,
        "listed_count": 2,
        "created_at": "Sun Mar 28 03:52:18 +0000 2021",
        "favourites_count": 0,
        "utc_offset": null,
        "time_zone": null,
        "geo_enabled": false,
        "verified": false,
        "statuses_count": 28,
        "lang": null,
        "contributors_enabled": false,
        "is_translator": false,
        "is_translation_enabled": false,
        "profile_background_color": "F5F8FA",
        "profile_background_image_url": null,
        "profile_background_image_url_https": null,
        "profile_background_tile": false,
        "profile_image_url": "http://abs.twimg.com/sticky/default_profile_images/default_profile_normal.png",
        "profile_image_url_https": "https://abs.twimg.com/sticky/default_profile_images/default_profile_normal.png",
        "profile_link_color": "1DA1F2",
        "profile_sidebar_border_color": "C0DEED",
        "profile_sidebar_fill_color": "DDEEF6",
        "profile_text_color": "333333",
        "profile_use_background_image": true,
        "has_extended_profile": true,
        "default_profile": true,
        "default_profile_image": true,
        "following": false,
        "follow_request_sent": false,
        "notifications": false,
        "translator_type": "none"
    },
    "geo": null,
    "coordinates": null,
    "place": null,
    "contributors": null,
    "is_quote_status": false,
    "retweet_count": 0,
    "favorite_count": 0,
    "favorited": false,
    "retweeted": false,
    "lang": "en"
}
]]></system-out>
  </testcase>
  <testcase name="testUnRetweet" classname="tweettest.TweetAPIClientTest" time="0.309">
    <system-out><![CDATA[{
    "created_at": "Mon Apr 05 17:02:54 +0000 2021",
    "id": 1379117354064486411,
    "id_str": "1379117354064486411",
    "text": "This is the first time I tweet using Assured Rest API",
    "truncated": false,
    "entities": {
        "hashtags": [
            
        ],
        "symbols": [
            
        ],
        "user_mentions": [
            
        ],
        "urls": [
            
        ]
    },
    "source": "",
    "in_reply_to_status_id": null,
    "in_reply_to_status_id_str": null,
    "in_reply_to_user_id": null,
    "in_reply_to_user_id_str": null,
    "in_reply_to_screen_name": null,
    "user": {
        "id": 1376019233793048576,
        "id_str": "1376019233793048576",
        "name": "Lyes Khemouche",
        "screen_name": "LKhemouche",
        "location": "",
        "description": "",
        "url": null,
        "entities": {
            "description": {
                "urls": [
                    
                ]
            }
        },
        "protected": false,
        "followers_count": 4,
        "friends_count": 2,
        "listed_count": 2,
        "created_at": "Sun Mar 28 03:52:18 +0000 2021",
        "favourites_count": 0,
        "utc_offset": null,
        "time_zone": null,
        "geo_enabled": false,
        "verified": false,
        "statuses_count": 28,
        "lang": null,
        "contributors_enabled": false,
        "is_translator": false,
        "is_translation_enabled": false,
        "profile_background_color": "F5F8FA",
        "profile_background_image_url": null,
        "profile_background_image_url_https": null,
        "profile_background_tile": false,
        "profile_image_url": "http://abs.twimg.com/sticky/default_profile_images/default_profile_normal.png",
        "profile_image_url_https": "https://abs.twimg.com/sticky/default_profile_images/default_profile_normal.png",
        "profile_link_color": "1DA1F2",
        "profile_sidebar_border_color": "C0DEED",
        "profile_sidebar_fill_color": "DDEEF6",
        "profile_text_color": "333333",
        "profile_use_background_image": true,
        "has_extended_profile": true,
        "default_profile": true,
        "default_profile_image": true,
        "following": false,
        "follow_request_sent": false,
        "notifications": false,
        "translator_type": "none"
    },
    "geo": null,
    "coordinates": null,
    "place": null,
    "contributors": null,
    "is_quote_status": false,
    "retweet_count": 0,
    "favorite_count": 0,
    "favorited": false,
    "retweeted": false,
    "lang": "en"
}
]]></system-out>
  </testcase>
  <testcase name="testGetRetweet" classname="tweettest.TweetAPIClientTest" time="0.291">
    <failure message="expected [RT @LKhemouche: This is the first time I tweet using Assured Rest API] but found [null]" type="java.lang.AssertionError"><![CDATA[java.lang.AssertionError: expected [RT @LKhemouche: This is the first time I tweet using Assured Rest API] but found [null]
	at tweettest.TweetAPIClientTest.testGetRetweet(TweetAPIClientTest.java:163)
]]></failure>
    <system-out><![CDATA[[
    
]
]]></system-out>
  </testcase>
  <testcase name="testCreateFavoriteTweet" classname="tweettest.TweetAPIClientTest" time="0.315">
    <system-out><![CDATA[{
    "created_at": "Mon Apr 05 17:02:54 +0000 2021",
    "id": 1379117354064486411,
    "id_str": "1379117354064486411",
    "text": "This is the first time I tweet using Assured Rest API",
    "truncated": false,
    "entities": {
        "hashtags": [
            
        ],
        "symbols": [
            
        ],
        "user_mentions": [
            
        ],
        "urls": [
            
        ]
    },
    "source": "",
    "in_reply_to_status_id": null,
    "in_reply_to_status_id_str": null,
    "in_reply_to_user_id": null,
    "in_reply_to_user_id_str": null,
    "in_reply_to_screen_name": null,
    "user": {
        "id": 1376019233793048576,
        "id_str": "1376019233793048576",
        "name": "Lyes Khemouche",
        "screen_name": "LKhemouche",
        "location": "",
        "description": "",
        "url": null,
        "entities": {
            "description": {
                "urls": [
                    
                ]
            }
        },
        "protected": false,
        "followers_count": 4,
        "friends_count": 2,
        "listed_count": 2,
        "created_at": "Sun Mar 28 03:52:18 +0000 2021",
        "favourites_count": 1,
        "utc_offset": null,
        "time_zone": null,
        "geo_enabled": false,
        "verified": false,
        "statuses_count": 28,
        "lang": null,
        "contributors_enabled": false,
        "is_translator": false,
        "is_translation_enabled": false,
        "profile_background_color": "F5F8FA",
        "profile_background_image_url": null,
        "profile_background_image_url_https": null,
        "profile_background_tile": false,
        "profile_image_url": "http://abs.twimg.com/sticky/default_profile_images/default_profile_normal.png",
        "profile_image_url_https": "https://abs.twimg.com/sticky/default_profile_images/default_profile_normal.png",
        "profile_link_color": "1DA1F2",
        "profile_sidebar_border_color": "C0DEED",
        "profile_sidebar_fill_color": "DDEEF6",
        "profile_text_color": "333333",
        "profile_use_background_image": true,
        "has_extended_profile": true,
        "default_profile": true,
        "default_profile_image": true,
        "following": false,
        "follow_request_sent": false,
        "notifications": false,
        "translator_type": "none"
    },
    "geo": null,
    "coordinates": null,
    "place": null,
    "contributors": null,
    "is_quote_status": false,
    "retweet_count": 0,
    "favorite_count": 1,
    "favorited": true,
    "retweeted": false,
    "lang": "en"
}
]]></system-out>
  </testcase>
  <testcase name="testUserCannotCreateFavoriteTweetTwice" classname="tweettest.TweetAPIClientTest" time="0.277">
    <system-out><![CDATA[{
    "errors": [
        {
            "code": 139,
            "message": "You have already favorited this status."
        }
    ]
}
]]></system-out>
  </testcase>
  <testcase name="testDestroyFavoriteTweet" classname="tweettest.TweetAPIClientTest" time="0.327">
    <system-out><![CDATA[{
    "created_at": "Mon Apr 05 17:02:54 +0000 2021",
    "id": 1379117354064486411,
    "id_str": "1379117354064486411",
    "text": "This is the first time I tweet using Assured Rest API",
    "truncated": false,
    "entities": {
        "hashtags": [
            
        ],
        "symbols": [
            
        ],
        "user_mentions": [
            
        ],
        "urls": [
            
        ]
    },
    "source": "",
    "in_reply_to_status_id": null,
    "in_reply_to_status_id_str": null,
    "in_reply_to_user_id": null,
    "in_reply_to_user_id_str": null,
    "in_reply_to_screen_name": null,
    "user": {
        "id": 1376019233793048576,
        "id_str": "1376019233793048576",
        "name": "Lyes Khemouche",
        "screen_name": "LKhemouche",
        "location": "",
        "description": "",
        "url": null,
        "entities": {
            "description": {
                "urls": [
                    
                ]
            }
        },
        "protected": false,
        "followers_count": 4,
        "friends_count": 2,
        "listed_count": 2,
        "created_at": "Sun Mar 28 03:52:18 +0000 2021",
        "favourites_count": 0,
        "utc_offset": null,
        "time_zone": null,
        "geo_enabled": false,
        "verified": false,
        "statuses_count": 28,
        "lang": null,
        "contributors_enabled": false,
        "is_translator": false,
        "is_translation_enabled": false,
        "profile_background_color": "F5F8FA",
        "profile_background_image_url": null,
        "profile_background_image_url_https": null,
        "profile_background_tile": false,
        "profile_image_url": "http://abs.twimg.com/sticky/default_profile_images/default_profile_normal.png",
        "profile_image_url_https": "https://abs.twimg.com/sticky/default_profile_images/default_profile_normal.png",
        "profile_link_color": "1DA1F2",
        "profile_sidebar_border_color": "C0DEED",
        "profile_sidebar_fill_color": "DDEEF6",
        "profile_text_color": "333333",
        "profile_use_background_image": true,
        "has_extended_profile": true,
        "default_profile": true,
        "default_profile_image": true,
        "following": false,
        "follow_request_sent": false,
        "notifications": false,
        "translator_type": "none"
    },
    "geo": null,
    "coordinates": null,
    "place": null,
    "contributors": null,
    "is_quote_status": false,
    "retweet_count": 0,
    "favorite_count": 1,
    "favorited": false,
    "retweeted": false,
    "lang": "en"
}
]]></system-out>
  </testcase>
  <testcase name="testLookupTweets" classname="tweettest.TweetAPIClientTest" time="0.315">
    <system-out><![CDATA[[
    {
        "created_at": "Mon Apr 05 17:02:54 +0000 2021",
        "id": 1379117354064486411,
        "id_str": "1379117354064486411",
        "text": "This is the first time I tweet using Assured Rest API",
        "truncated": false,
        "entities": {
            "hashtags": [
                
            ],
            "symbols": [
                
            ],
            "user_mentions": [
                
            ],
            "urls": [
                
            ]
        },
        "source": "",
        "in_reply_to_status_id": null,
        "in_reply_to_status_id_str": null,
        "in_reply_to_user_id": null,
        "in_reply_to_user_id_str": null,
        "in_reply_to_screen_name": null,
        "user": {
            "id": 1376019233793048576,
            "id_str": "1376019233793048576",
            "name": "Lyes Khemouche",
            "screen_name": "LKhemouche",
            "location": "",
            "description": "",
            "url": null,
            "entities": {
                "description": {
                    "urls": [
                        
                    ]
                }
            },
            "protected": false,
            "followers_count": 4,
            "friends_count": 2,
            "listed_count": 2,
            "created_at": "Sun Mar 28 03:52:18 +0000 2021",
            "favourites_count": 0,
            "utc_offset": null,
            "time_zone": null,
            "geo_enabled": false,
            "verified": false,
            "statuses_count": 28,
            "lang": null,
            "contributors_enabled": false,
            "is_translator": false,
            "is_translation_enabled": false,
            "profile_background_color": "F5F8FA",
            "profile_background_image_url": null,
            "profile_background_image_url_https": null,
            "profile_background_tile": false,
            "profile_image_url": "http://abs.twimg.com/sticky/default_profile_images/default_profile_normal.png",
            "profile_image_url_https": "https://abs.twimg.com/sticky/default_profile_images/default_profile_normal.png",
            "profile_link_color": "1DA1F2",
            "profile_sidebar_border_color": "C0DEED",
            "profile_sidebar_fill_color": "DDEEF6",
            "profile_text_color": "333333",
            "profile_use_background_image": true,
            "has_extended_profile": true,
            "default_profile": true,
            "default_profile_image": true,
            "following": false,
            "follow_request_sent": false,
            "notifications": false,
            "translator_type": "none"
        },
        "geo": null,
        "coordinates": null,
        "place": null,
        "contributors": null,
        "is_quote_status": false,
        "retweet_count": 0,
        "favorite_count": 0,
        "favorited": false,
        "retweeted": false,
        "lang": "en"
    }
]
]]></system-out>
  </testcase>
  <testcase name="testUserCannotDeleteMessage" classname="tweettest.TweetAPIClientTest" time="0.27">
    <system-out><![CDATA[{
    "errors": [
        {
            "code": 93,
            "message": "This application is not allowed to access or delete your direct messages."
        }
    ]
}
]]></system-out>
  </testcase>
  <testcase name="testGetUserTimeLine" classname="tweettest.TweetAPIClientTest" time="0.486">
    <failure message="Tweet did not match expected [I updated my using Assured Rest API11379117354064486411] but found [I updated my using Assured Rest API21379117354064486411]" type="java.lang.AssertionError"><![CDATA[java.lang.AssertionError: Tweet did not match expected [I updated my using Assured Rest API11379117354064486411] but found [I updated my using Assured Rest API21379117354064486411]
	at tweettest.TweetAPIClientTest.testGetUserTimeLine(TweetAPIClientTest.java:223)
]]></failure>
    <system-out><![CDATA[[
    {
        "created_at": "Fri Apr 09 07:08:09 +0000 2021",
        "id": 1380417231436275713,
        "id_str": "1380417231436275713",
        "text": "I updated my using Assured Rest API21379117354064486411",
        "truncated": false,
        "entities": {
            "hashtags": [
                
            ],
            "symbols": [
                
            ],
            "user_mentions": [
                
            ],
            "urls": [
                
            ]
        },
        "source": "",
        "in_reply_to_status_id": null,
        "in_reply_to_status_id_str": null,
        "in_reply_to_user_id": null,
        "in_reply_to_user_id_str": null,
        "in_reply_to_screen_name": null,
        "user": {
            "id": 1376019233793048576,
            "id_str": "1376019233793048576",
            "name": "Lyes Khemouche",
            "screen_name": "LKhemouche",
            "location": "",
            "description": "",
            "url": null,
            "entities": {
                "description": {
                    "urls": [
                        
                    ]
                }
            },
            "protected": false,
            "followers_count": 4,
            "friends_count": 2,
            "listed_count": 2,
            "created_at": "Sun Mar 28 03:52:18 +0000 2021",
            "favourites_count": 0,
            "utc_offset": null,
            "time_zone": null,
            "geo_enabled": false,
            "verified": false,
            "statuses_count": 28,
            "lang": null,
            "contributors_enabled": false,
            "is_translator": false,
            "is_translation_enabled": false,
            "profile_background_color": "F5F8FA",
            "profile_background_image_url": null,
            "profile_background_image_url_https": null,
            "profile_background_tile": false,
            "profile_image_url": "http://abs.twimg.com/sticky/default_profile_images/default_profile_normal.png",
            "profile_image_url_https": "https://abs.twimg.com/sticky/default_profile_images/default_profile_normal.png",
            "profile_link_color": "1DA1F2",
            "profile_sidebar_border_color": "C0DEED",
            "profile_sidebar_fill_color": "DDEEF6",
            "profile_text_color": "333333",
            "profile_use_background_image": true,
            "has_extended_profile": true,
            "default_profile": true,
            "default_profile_image": true,
            "following": false,
            "follow_request_sent": false,
            "notifications": false,
            "translator_type": "none"
        },
        "geo": null,
        "coordinates": null,
        "place": null,
        "contributors": null,
        "is_quote_status": false,
        "retweet_count": 0,
        "favorite_count": 0,
        "favorited": false,
        "retweeted": false,
        "lang": "en"
    },
    {
        "created_at": "Fri Apr 09 07:08:07 +0000 2021",
        "id": 1380417221973966851,
        "id_str": "1380417221973966851",
        "text": "I am verifying property from response15a32f9d-96de-49b1-b241-9dc7c0c75323",
        "truncated": false,
        "entities": {
            "hashtags": [
                
            ],
            "symbols": [
                
            ],
            "user_mentions": [
                
            ],
            "urls": [
                
            ]
        },
        "source": "",
        "in_reply_to_status_id": null,
        "in_reply_to_status_id_str": null,
        "in_reply_to_user_id": null,
        "in_reply_to_user_id_str": null,
        "in_reply_to_screen_name": null,
        "user": {
            "id": 1376019233793048576,
            "id_str": "1376019233793048576",
            "name": "Lyes Khemouche",
            "screen_name": "LKhemouche",
            "location": "",
            "description": "",
            "url": null,
            "entities": {
                "description": {
                    "urls": [
                        
                    ]
                }
            },
            "protected": false,
            "followers_count": 4,
            "friends_count": 2,
            "listed_count": 2,
            "created_at": "Sun Mar 28 03:52:18 +0000 2021",
            "favourites_count": 0,
            "utc_offset": null,
            "time_zone": null,
            "geo_enabled": false,
            "verified": false,
            "statuses_count": 28,
            "lang": null,
            "contributors_enabled": false,
            "is_translator": false,
            "is_translation_enabled": false,
            "profile_background_color": "F5F8FA",
            "profile_background_image_url": null,
            "profile_background_image_url_https": null,
            "profile_background_tile": false,
            "profile_image_url": "http://abs.twimg.com/sticky/default_profile_images/default_profile_normal.png",
            "profile_image_url_https": "https://abs.twimg.com/sticky/default_profile_images/default_profile_normal.png",
            "profile_link_color": "1DA1F2",
            "profile_sidebar_border_color": "C0DEED",
            "profile_sidebar_fill_color": "DDEEF6",
            "profile_text_color": "333333",
            "profile_use_background_image": true,
            "has_extended_profile": true,
            "default_profile": true,
            "default_profile_image": true,
            "following": false,
            "follow_request_sent": false,
            "notifications": false,
            "translator_type": "none"
        },
        "geo": null,
        "coordinates": null,
        "place": null,
        "contributors": null,
        "is_quote_status": false,
        "retweet_count": 0,
        "favorite_count": 0,
        "favorited": false,
        "retweeted": false,
        "lang": "en"
    },
    {
        "created_at": "Fri Apr 09 07:08:05 +0000 2021",
        "id": 1380417214986117120,
        "id_str": "1380417214986117120",
        "text": "This is the first time I tweet using Assured Rest API",
        "truncated": false,
        "entities": {
            "hashtags": [
                
            ],
            "symbols": [
                
            ],
            "user_mentions": [
                
            ],
            "urls": [
                
            ]
        },
        "source": "",
        "in_reply_to_status_id": null,
        "in_reply_to_status_id_str": null,
        "in_reply_to_user_id": null,
        "in_reply_to_user_id_str": null,
        "in_reply_to_screen_name": null,
        "user": {
            "id": 1376019233793048576,
            "id_str": "1376019233793048576",
            "name": "Lyes Khemouche",
            "screen_name": "LKhemouche",
            "location": "",
            "description": "",
            "url": null,
            "entities": {
                "description": {
                    "urls": [
                        
                    ]
                }
            },
            "protected": false,
            "followers_count": 4,
            "friends_count": 2,
            "listed_count": 2,
            "created_at": "Sun Mar 28 03:52:18 +0000 2021",
            "favourites_count": 0,
            "utc_offset": null,
            "time_zone": null,
            "geo_enabled": false,
            "verified": false,
            "statuses_count": 28,
            "lang": null,
            "contributors_enabled": false,
            "is_translator": false,
            "is_translation_enabled": false,
            "profile_background_color": "F5F8FA",
            "profile_background_image_url": null,
            "profile_background_image_url_https": null,
            "profile_background_tile": false,
            "profile_image_url": "http://abs.twimg.com/sticky/default_profile_images/default_profile_normal.png",
            "profile_image_url_https": "https://abs.twimg.com/sticky/default_profile_images/default_profile_normal.png",
            "profile_link_color": "1DA1F2",
            "profile_sidebar_border_color": "C0DEED",
            "profile_sidebar_fill_color": "DDEEF6",
            "profile_text_color": "333333",
            "profile_use_background_image": true,
            "has_extended_profile": true,
            "default_profile": true,
            "default_profile_image": true,
            "following": false,
            "follow_request_sent": false,
            "notifications": false,
            "translator_type": "none"
        },
        "geo": null,
        "coordinates": null,
        "place": null,
        "contributors": null,
        "is_quote_status": false,
        "retweet_count": 0,
        "favorite_count": 0,
        "favorited": false,
        "retweeted": false,
        "lang": "en"
    },
    {
        "created_at": "Fri Apr 09 07:08:05 +0000 2021",
        "id": 1380417213375651841,
        "id_str": "1380417213375651841",
        "text": "This is for Halimb2b6d316-5155-4bd6-ad7f-b6240b395dbb",
        "truncated": false,
        "entities": {
            "hashtags": [
                
            ],
            "symbols": [
                
            ],
            "user_mentions": [
                
            ],
            "urls": [
                
            ]
        },
        "source": "",
        "in_reply_to_status_id": null,
        "in_reply_to_status_id_str": null,
        "in_reply_to_user_id": null,
        "in_reply_to_user_id_str": null,
        "in_reply_to_screen_name": null,
        "user": {
            "id": 1376019233793048576,
            "id_str": "1376019233793048576",
            "name": "Lyes Khemouche",
            "screen_name": "LKhemouche",
            "location": "",
            "description": "",
            "url": null,
            "entities": {
                "description": {
                    "urls": [
                        
                    ]
                }
            },
            "protected": false,
            "followers_count": 4,
            "friends_count": 2,
            "listed_count": 2,
            "created_at": "Sun Mar 28 03:52:18 +0000 2021",
            "favourites_count": 0,
            "utc_offset": null,
            "time_zone": null,
            "geo_enabled": false,
            "verified": false,
            "statuses_count": 28,
            "lang": null,
            "contributors_enabled": false,
            "is_translator": false,
            "is_translation_enabled": false,
            "profile_background_color": "F5F8FA",
            "profile_background_image_url": null,
            "profile_background_image_url_https": null,
            "profile_background_tile": false,
            "profile_image_url": "http://abs.twimg.com/sticky/default_profile_images/default_profile_normal.png",
            "profile_image_url_https": "https://abs.twimg.com/sticky/default_profile_images/default_profile_normal.png",
            "profile_link_color": "1DA1F2",
            "profile_sidebar_border_color": "C0DEED",
            "profile_sidebar_fill_color": "DDEEF6",
            "profile_text_color": "333333",
            "profile_use_background_image": true,
            "has_extended_profile": true,
            "default_profile": true,
            "default_profile_image": true,
            "following": false,
            "follow_request_sent": false,
            "notifications": false,
            "translator_type": "none"
        },
        "geo": null,
        "coordinates": null,
        "place": null,
        "contributors": null,
        "is_quote_status": false,
        "retweet_count": 0,
        "favorite_count": 0,
        "favorited": false,
        "retweeted": false,
        "lang": "en"
    },
    {
        "created_at": "Fri Apr 09 07:08:04 +0000 2021",
        "id": 1380417209609154565,
        "id_str": "1380417209609154565",
        "text": "This is for Halim",
        "truncated": false,
        "entities": {
            "hashtags": [
                
            ],
            "symbols": [
                
            ],
            "user_mentions": [
                
            ],
            "urls": [
                
            ]
        },
        "source": "",
        "in_reply_to_status_id": null,
        "in_reply_to_status_id_str": null,
        "in_reply_to_user_id": null,
        "in_reply_to_user_id_str": null,
        "in_reply_to_screen_name": null,
        "user": {
            "id": 1376019233793048576,
            "id_str": "1376019233793048576",
            "name": "Lyes Khemouche",
            "screen_name": "LKhemouche",
            "location": "",
            "description": "",
            "url": null,
            "entities": {
                "description": {
                    "urls": [
                        
                    ]
                }
            },
            "protected": false,
            "followers_count": 4,
            "friends_count": 2,
            "listed_count": 2,
            "created_at": "Sun Mar 28 03:52:18 +0000 2021",
            "favourites_count": 0,
            "utc_offset": null,
            "time_zone": null,
            "geo_enabled": false,
            "verified": false,
            "statuses_count": 28,
            "lang": null,
            "contributors_enabled": false,
            "is_translator": false,
            "is_translation_enabled": false,
            "profile_background_color": "F5F8FA",
            "profile_background_image_url": null,
            "profile_background_image_url_https": null,
            "profile_background_tile": false,
            "profile_image_url": "http://abs.twimg.com/sticky/default_profile_images/default_profile_normal.png",
            "profile_image_url_https": "https://abs.twimg.com/sticky/default_profile_images/default_profile_normal.png",
            "profile_link_color": "1DA1F2",
            "profile_sidebar_border_color": "C0DEED",
            "profile_sidebar_fill_color": "DDEEF6",
            "profile_text_color": "333333",
            "profile_use_background_image": true,
            "has_extended_profile": true,
            "default_profile": true,
            "default_profile_image": true,
            "following": false,
            "follow_request_sent": false,
            "notifications": false,
            "translator_type": "none"
        },
        "geo": null,
        "coordinates": null,
        "place": null,
        "contributors": null,
        "is_quote_status": false,
        "retweet_count": 0,
        "favorite_count": 0,
        "favorited": false,
        "retweeted": false,
        "lang": "en"
    },
    {
        "created_at": "Wed Apr 07 20:22:41 +0000 2021",
        "id": 1379892404501757953,
        "id_str": "1379892404501757953",
        "text": "I updated my using Assured Rest API11379117354064486411",
        "truncated": false,
        "entities": {
            "hashtags": [
                
            ],
            "symbols": [
                
            ],
            "user_mentions": [
                
            ],
            "urls": [
                
            ]
        },
        "source": "",
        "in_reply_to_status_id": null,
        "in_reply_to_status_id_str": null,
        "in_reply_to_user_id": null,
        "in_reply_to_user_id_str": null,
        "in_reply_to_screen_name": null,
        "user": {
            "id": 1376019233793048576,
            "id_str": "1376019233793048576",
            "name": "Lyes Khemouche",
            "screen_name": "LKhemouche",
            "location": "",
            "description": "",
            "url": null,
            "entities": {
                "description": {
                    "urls": [
                        
                    ]
                }
            },
            "protected": false,
            "followers_count": 4,
            "friends_count": 2,
            "listed_count": 2,
            "created_at": "Sun Mar 28 03:52:18 +0000 2021",
            "favourites_count": 0,
            "utc_offset": null,
            "time_zone": null,
            "geo_enabled": false,
            "verified": false,
            "statuses_count": 28,
            "lang": null,
            "contributors_enabled": false,
            "is_translator": false,
            "is_translation_enabled": false,
            "profile_background_color": "F5F8FA",
            "profile_background_image_url": null,
            "profile_background_image_url_https": null,
            "profile_background_tile": false,
            "profile_image_url": "http://abs.twimg.com/sticky/default_profile_images/default_profile_normal.png",
            "profile_image_url_https": "https://abs.twimg.com/sticky/default_profile_images/default_profile_normal.png",
            "profile_link_color": "1DA1F2",
            "profile_sidebar_border_color": "C0DEED",
            "profile_sidebar_fill_color": "DDEEF6",
            "profile_text_color": "333333",
            "profile_use_background_image": true,
            "has_extended_profile": true,
            "default_profile": true,
            "default_profile_image": true,
            "following": false,
            "follow_request_sent": false,
            "notifications": false,
            "translator_type": "none"
        },
        "geo": null,
        "coordinates": null,
        "place": null,
        "contributors": null,
        "is_quote_status": false,
        "retweet_count": 0,
        "favorite_count": 1,
        "favorited": false,
        "retweeted": false,
        "lang": "en"
    },
    {
        "created_at": "Wed Apr 07 20:18:19 +0000 2021",
        "id": 1379891309075386374,
        "id_str": "1379891309075386374",
        "text": "I am verifying property from responsecfe58293-1d1a-47db-ba86-a034ba5da56d",
        "truncated": false,
        "entities": {
            "hashtags": [
                
            ],
            "symbols": [
                
            ],
            "user_mentions": [
                
            ],
            "urls": [
                
            ]
        },
        "source": "",
        "in_reply_to_status_id": null,
        "in_reply_to_status_id_str": null,
        "in_reply_to_user_id": null,
        "in_reply_to_user_id_str": null,
        "in_reply_to_screen_name": null,
        "user": {
            "id": 1376019233793048576,
            "id_str": "1376019233793048576",
            "name": "Lyes Khemouche",
            "screen_name": "LKhemouche",
            "location": "",
            "description": "",
            "url": null,
            "entities": {
                "description": {
                    "urls": [
                        
                    ]
                }
            },
            "protected": false,
            "followers_count": 4,
            "friends_count": 2,
            "listed_count": 2,
            "created_at": "Sun Mar 28 03:52:18 +0000 2021",
            "favourites_count": 0,
            "utc_offset": null,
            "time_zone": null,
            "geo_enabled": false,
            "verified": false,
            "statuses_count": 28,
            "lang": null,
            "contributors_enabled": false,
            "is_translator": false,
            "is_translation_enabled": false,
            "profile_background_color": "F5F8FA",
            "profile_background_image_url": null,
            "profile_background_image_url_https": null,
            "profile_background_tile": false,
            "profile_image_url": "http://abs.twimg.com/sticky/default_profile_images/default_profile_normal.png",
            "profile_image_url_https": "https://abs.twimg.com/sticky/default_profile_images/default_profile_normal.png",
            "profile_link_color": "1DA1F2",
            "profile_sidebar_border_color": "C0DEED",
            "profile_sidebar_fill_color": "DDEEF6",
            "profile_text_color": "333333",
            "profile_use_background_image": true,
            "has_extended_profile": true,
            "default_profile": true,
            "default_profile_image": true,
            "following": false,
            "follow_request_sent": false,
            "notifications": false,
            "translator_type": "none"
        },
        "geo": null,
        "coordinates": null,
        "place": null,
        "contributors": null,
        "is_quote_status": false,
        "retweet_count": 0,
        "favorite_count": 0,
        "favorited": false,
        "retweeted": false,
        "lang": "en"
    },
    {
        "created_at": "Wed Apr 07 19:21:30 +0000 2021",
        "id": 1379877009036345355,
        "id_str": "1379877009036345355",
        "text": "This is for Halimc826358a-6ea1-4521-9b26-0ed9ad9529fd",
        "truncated": false,
        "entities": {
            "hashtags": [
                
            ],
            "symbols": [
                
            ],
            "user_mentions": [
                
            ],
            "urls": [
                
            ]
        },
        "source": "",
        "in_reply_to_status_id": null,
        "in_reply_to_status_id_str": null,
        "in_reply_to_user_id": null,
        "in_reply_to_user_id_str": null,
        "in_reply_to_screen_name": null,
        "user": {
            "id": 1376019233793048576,
            "id_str": "1376019233793048576",
            "name": "Lyes Khemouche",
            "screen_name": "LKhemouche",
            "location": "",
            "description": "",
            "url": null,
            "entities": {
                "description": {
                    "urls": [
                        
                    ]
                }
            },
            "protected": false,
            "followers_count": 4,
            "friends_count": 2,
            "listed_count": 2,
            "created_at": "Sun Mar 28 03:52:18 +0000 2021",
            "favourites_count": 0,
            "utc_offset": null,
            "time_zone": null,
            "geo_enabled": false,
            "verified": false,
            "statuses_count": 28,
            "lang": null,
            "contributors_enabled": false,
            "is_translator": false,
            "is_translation_enabled": false,
            "profile_background_color": "F5F8FA",
            "profile_background_image_url": null,
            "profile_background_image_url_https": null,
            "profile_background_tile": false,
            "profile_image_url": "http://abs.twimg.com/sticky/default_profile_images/default_profile_normal.png",
            "profile_image_url_https": "https://abs.twimg.com/sticky/default_profile_images/default_profile_normal.png",
            "profile_link_color": "1DA1F2",
            "profile_sidebar_border_color": "C0DEED",
            "profile_sidebar_fill_color": "DDEEF6",
            "profile_text_color": "333333",
            "profile_use_background_image": true,
            "has_extended_profile": true,
            "default_profile": true,
            "default_profile_image": true,
            "following": false,
            "follow_request_sent": false,
            "notifications": false,
            "translator_type": "none"
        },
        "geo": null,
        "coordinates": null,
        "place": null,
        "contributors": null,
        "is_quote_status": false,
        "retweet_count": 0,
        "favorite_count": 0,
        "favorited": false,
        "retweeted": false,
        "lang": "en"
    },
    {
        "created_at": "Wed Apr 07 19:21:30 +0000 2021",
        "id": 1379877007492800514,
        "id_str": "1379877007492800514",
        "text": "This is for Halim",
        "truncated": false,
        "entities": {
            "hashtags": [
                
            ],
            "symbols": [
                
            ],
            "user_mentions": [
                
            ],
            "urls": [
                
            ]
        },
        "source": "",
        "in_reply_to_status_id": null,
        "in_reply_to_status_id_str": null,
        "in_reply_to_user_id": null,
        "in_reply_to_user_id_str": null,
        "in_reply_to_screen_name": null,
        "user": {
            "id": 1376019233793048576,
            "id_str": "1376019233793048576",
            "name": "Lyes Khemouche",
            "screen_name": "LKhemouche",
            "location": "",
            "description": "",
            "url": null,
            "entities": {
                "description": {
                    "urls": [
                        
                    ]
                }
            },
            "protected": false,
            "followers_count": 4,
            "friends_count": 2,
            "listed_count": 2,
            "created_at": "Sun Mar 28 03:52:18 +0000 2021",
            "favourites_count": 0,
            "utc_offset": null,
            "time_zone": null,
            "geo_enabled": false,
            "verified": false,
            "statuses_count": 28,
            "lang": null,
            "contributors_enabled": false,
            "is_translator": false,
            "is_translation_enabled": false,
            "profile_background_color": "F5F8FA",
            "profile_background_image_url": null,
            "profile_background_image_url_https": null,
            "profile_background_tile": false,
            "profile_image_url": "http://abs.twimg.com/sticky/default_profile_images/default_profile_normal.png",
            "profile_image_url_https": "https://abs.twimg.com/sticky/default_profile_images/default_profile_normal.png",
            "profile_link_color": "1DA1F2",
            "profile_sidebar_border_color": "C0DEED",
            "profile_sidebar_fill_color": "DDEEF6",
            "profile_text_color": "333333",
            "profile_use_background_image": true,
            "has_extended_profile": true,
            "default_profile": true,
            "default_profile_image": true,
            "following": false,
            "follow_request_sent": false,
            "notifications": false,
            "translator_type": "none"
        },
        "geo": null,
        "coordinates": null,
        "place": null,
        "contributors": null,
        "is_quote_status": false,
        "retweet_count": 0,
        "favorite_count": 0,
        "favorited": false,
        "retweeted": false,
        "lang": "en"
    },
    {
        "created_at": "Wed Apr 07 19:21:29 +0000 2021",
        "id": 1379877006054191117,
        "id_str": "1379877006054191117",
        "text": "This is the first time I tweet using Assured Rest API",
        "truncated": false,
        "entities": {
            "hashtags": [
                
            ],
            "symbols": [
                
            ],
            "user_mentions": [
                
            ],
            "urls": [
                
            ]
        },
        "source": "",
        "in_reply_to_status_id": null,
        "in_reply_to_status_id_str": null,
        "in_reply_to_user_id": null,
        "in_reply_to_user_id_str": null,
        "in_reply_to_screen_name": null,
        "user": {
            "id": 1376019233793048576,
            "id_str": "1376019233793048576",
            "name": "Lyes Khemouche",
            "screen_name": "LKhemouche",
            "location": "",
            "description": "",
            "url": null,
            "entities": {
                "description": {
                    "urls": [
                        
                    ]
                }
            },
            "protected": false,
            "followers_count": 4,
            "friends_count": 2,
            "listed_count": 2,
            "created_at": "Sun Mar 28 03:52:18 +0000 2021",
            "favourites_count": 0,
            "utc_offset": null,
            "time_zone": null,
            "geo_enabled": false,
            "verified": false,
            "statuses_count": 28,
            "lang": null,
            "contributors_enabled": false,
            "is_translator": false,
            "is_translation_enabled": false,
            "profile_background_color": "F5F8FA",
            "profile_background_image_url": null,
            "profile_background_image_url_https": null,
            "profile_background_tile": false,
            "profile_image_url": "http://abs.twimg.com/sticky/default_profile_images/default_profile_normal.png",
            "profile_image_url_https": "https://abs.twimg.com/sticky/default_profile_images/default_profile_normal.png",
            "profile_link_color": "1DA1F2",
            "profile_sidebar_border_color": "C0DEED",
            "profile_sidebar_fill_color": "DDEEF6",
            "profile_text_color": "333333",
            "profile_use_background_image": true,
            "has_extended_profile": true,
            "default_profile": true,
            "default_profile_image": true,
            "following": false,
            "follow_request_sent": false,
            "notifications": false,
            "translator_type": "none"
        },
        "geo": null,
        "coordinates": null,
        "place": null,
        "contributors": null,
        "is_quote_status": false,
        "retweet_count": 0,
        "favorite_count": 0,
        "favorited": false,
        "retweeted": false,
        "lang": "en"
    },
    {
        "created_at": "Wed Apr 07 19:21:26 +0000 2021",
        "id": 1379876994003955714,
        "id_str": "1379876994003955714",
        "text": "I am verifying property from response5e42af6d-d9a3-4093-b82f-7fea8513eb9a",
        "truncated": false,
        "entities": {
            "hashtags": [
                
            ],
            "symbols": [
                
            ],
            "user_mentions": [
                
            ],
            "urls": [
                
            ]
        },
        "source": "",
        "in_reply_to_status_id": null,
        "in_reply_to_status_id_str": null,
        "in_reply_to_user_id": null,
        "in_reply_to_user_id_str": null,
        "in_reply_to_screen_name": null,
        "user": {
            "id": 1376019233793048576,
            "id_str": "1376019233793048576",
            "name": "Lyes Khemouche",
            "screen_name": "LKhemouche",
            "location": "",
            "description": "",
            "url": null,
            "entities": {
                "description": {
                    "urls": [
                        
                    ]
                }
            },
            "protected": false,
            "followers_count": 4,
            "friends_count": 2,
            "listed_count": 2,
            "created_at": "Sun Mar 28 03:52:18 +0000 2021",
            "favourites_count": 0,
            "utc_offset": null,
            "time_zone": null,
            "geo_enabled": false,
            "verified": false,
            "statuses_count": 28,
            "lang": null,
            "contributors_enabled": false,
            "is_translator": false,
            "is_translation_enabled": false,
            "profile_background_color": "F5F8FA",
            "profile_background_image_url": null,
            "profile_background_image_url_https": null,
            "profile_background_tile": false,
            "profile_image_url": "http://abs.twimg.com/sticky/default_profile_images/default_profile_normal.png",
            "profile_image_url_https": "https://abs.twimg.com/sticky/default_profile_images/default_profile_normal.png",
            "profile_link_color": "1DA1F2",
            "profile_sidebar_border_color": "C0DEED",
            "profile_sidebar_fill_color": "DDEEF6",
            "profile_text_color": "333333",
            "profile_use_background_image": true,
            "has_extended_profile": true,
            "default_profile": true,
            "default_profile_image": true,
            "following": false,
            "follow_request_sent": false,
            "notifications": false,
            "translator_type": "none"
        },
        "geo": null,
        "coordinates": null,
        "place": null,
        "contributors": null,
        "is_quote_status": false,
        "retweet_count": 0,
        "favorite_count": 0,
        "favorited": false,
        "retweeted": false,
        "lang": "en"
    },
    {
        "created_at": "Wed Apr 07 15:45:29 +0000 2021",
        "id": 1379822648633520129,
        "id_str": "1379822648633520129",
        "text": "https://t.co/OPPnbu0223",
        "truncated": false,
        "entities": {
            "hashtags": [
                
            ],
            "symbols": [
                
            ],
            "user_mentions": [
                
            ],
            "urls": [
                
            ],
            "media": [
                {
                    "id": 1379822642266509313,
                    "id_str": "1379822642266509313",
                    "indices": [
                        0,
                        23
                    ],
                    "media_url": "http://pbs.twimg.com/tweet_video_thumb/EyYdYe1WEAExM0n.jpg",
                    "media_url_https": "https://pbs.twimg.com/tweet_video_thumb/EyYdYe1WEAExM0n.jpg",
                    "url": "https://t.co/OPPnbu0223",
                    "display_url": "pic.twitter.com/OPPnbu0223",
                    "expanded_url": "https://twitter.com/LKhemouche/status/1379822648633520129/photo/1",
                    "type": "photo",
                    "sizes": {
                        "thumb": {
                            "w": 150,
                            "h": 150,
                            "resize": "crop"
                        },
                        "large": {
                            "w": 330,
                            "h": 312,
                            "resize": "fit"
                        },
                        "small": {
                            "w": 330,
                            "h": 312,
                            "resize": "fit"
                        },
                        "medium": {
                            "w": 330,
                            "h": 312,
                            "resize": "fit"
                        }
                    }
                }
            ]
        },
        "extended_entities": {
            "media": [
                {
                    "id": 1379822642266509313,
                    "id_str": "1379822642266509313",
                    "indices": [
                        0,
                        23
                    ],
                    "media_url": "http://pbs.twimg.com/tweet_video_thumb/EyYdYe1WEAExM0n.jpg",
                    "media_url_https": "https://pbs.twimg.com/tweet_video_thumb/EyYdYe1WEAExM0n.jpg",
                    "url": "https://t.co/OPPnbu0223",
                    "display_url": "pic.twitter.com/OPPnbu0223",
                    "expanded_url": "https://twitter.com/LKhemouche/status/1379822648633520129/photo/1",
                    "type": "animated_gif",
                    "sizes": {
                        "thumb": {
                            "w": 150,
                            "h": 150,
                            "resize": "crop"
                        },
                        "large": {
                            "w": 330,
                            "h": 312,
                            "resize": "fit"
                        },
                        "small": {
                            "w": 330,
                            "h": 312,
                            "resize": "fit"
                        },
                        "medium": {
                            "w": 330,
                            "h": 312,
                            "resize": "fit"
                        }
                    },
                    "video_info": {
                        "aspect_ratio": [
                            55,
                            52
                        ],
                        "variants": [
                            {
                                "bitrate": 0,
                                "content_type": "video/mp4",
                                "url": "https://video.twimg.com/tweet_video/EyYdYe1WEAExM0n.mp4"
                            }
                        ]
                    }
                }
            ]
        },
        "source": "<a href=\"https://mobile.twitter.com\" rel=\"nofollow\">Twitter Web App</a>",
        "in_reply_to_status_id": null,
        "in_reply_to_status_id_str": null,
        "in_reply_to_user_id": null,
        "in_reply_to_user_id_str": null,
        "in_reply_to_screen_name": null,
        "user": {
            "id": 1376019233793048576,
            "id_str": "1376019233793048576",
            "name": "Lyes Khemouche",
            "screen_name": "LKhemouche",
            "location": "",
            "description": "",
            "url": null,
            "entities": {
                "description": {
                    "urls": [
                        
                    ]
                }
            },
            "protected": false,
            "followers_count": 4,
            "friends_count": 2,
            "listed_count": 2,
            "created_at": "Sun Mar 28 03:52:18 +0000 2021",
            "favourites_count": 0,
            "utc_offset": null,
            "time_zone": null,
            "geo_enabled": false,
            "verified": false,
            "statuses_count": 28,
            "lang": null,
            "contributors_enabled": false,
            "is_translator": false,
            "is_translation_enabled": false,
            "profile_background_color": "F5F8FA",
            "profile_background_image_url": null,
            "profile_background_image_url_https": null,
            "profile_background_tile": false,
            "profile_image_url": "http://abs.twimg.com/sticky/default_profile_images/default_profile_normal.png",
            "profile_image_url_https": "https://abs.twimg.com/sticky/default_profile_images/default_profile_normal.png",
            "profile_link_color": "1DA1F2",
            "profile_sidebar_border_color": "C0DEED",
            "profile_sidebar_fill_color": "DDEEF6",
            "profile_text_color": "333333",
            "profile_use_background_image": true,
            "has_extended_profile": true,
            "default_profile": true,
            "default_profile_image": true,
            "following": false,
            "follow_request_sent": false,
            "notifications": false,
            "translator_type": "none"
        },
        "geo": null,
        "coordinates": null,
        "place": null,
        "contributors": null,
        "is_quote_status": false,
        "retweet_count": 0,
        "favorite_count": 0,
        "favorited": false,
        "retweeted": false,
        "possibly_sensitive": false,
        "lang": "und"
    },
    {
        "created_at": "Wed Apr 07 15:28:38 +0000 2021",
        "id": 1379818406485057539,
        "id_str": "1379818406485057539",
        "text": "I updated my using Assured Rest API1379117354064486411",
        "truncated": false,
        "entities": {
            "hashtags": [
                
            ],
            "symbols": [
                
            ],
            "user_mentions": [
                
            ],
            "urls": [
                
            ]
        },
        "source": "",
        "in_reply_to_status_id": null,
        "in_reply_to_status_id_str": null,
        "in_reply_to_user_id": null,
        "in_reply_to_user_id_str": null,
        "in_reply_to_screen_name": null,
        "user": {
            "id": 1376019233793048576,
            "id_str": "1376019233793048576",
            "name": "Lyes Khemouche",
            "screen_name": "LKhemouche",
            "location": "",
            "description": "",
            "url": null,
            "entities": {
                "description": {
                    "urls": [
                        
                    ]
                }
            },
            "protected": false,
            "followers_count": 4,
            "friends_count": 2,
            "listed_count": 2,
            "created_at": "Sun Mar 28 03:52:18 +0000 2021",
            "favourites_count": 0,
            "utc_offset": null,
            "time_zone": null,
            "geo_enabled": false,
            "verified": false,
            "statuses_count": 28,
            "lang": null,
            "contributors_enabled": false,
            "is_translator": false,
            "is_translation_enabled": false,
            "profile_background_color": "F5F8FA",
            "profile_background_image_url": null,
            "profile_background_image_url_https": null,
            "profile_background_tile": false,
            "profile_image_url": "http://abs.twimg.com/sticky/default_profile_images/default_profile_normal.png",
            "profile_image_url_https": "https://abs.twimg.com/sticky/default_profile_images/default_profile_normal.png",
            "profile_link_color": "1DA1F2",
            "profile_sidebar_border_color": "C0DEED",
            "profile_sidebar_fill_color": "DDEEF6",
            "profile_text_color": "333333",
            "profile_use_background_image": true,
            "has_extended_profile": true,
            "default_profile": true,
            "default_profile_image": true,
            "following": false,
            "follow_request_sent": false,
            "notifications": false,
            "translator_type": "none"
        },
        "geo": null,
        "coordinates": null,
        "place": null,
        "contributors": null,
        "is_quote_status": false,
        "retweet_count": 0,
        "favorite_count": 0,
        "favorited": false,
        "retweeted": false,
        "lang": "en"
    },
    {
        "created_at": "Wed Apr 07 15:27:41 +0000 2021",
        "id": 1379818169183961089,
        "id_str": "1379818169183961089",
        "text": "RT @LKhemouche: I am learning Rest API using Rest Assured and my First Tweet Same Tweet",
        "truncated": false,
        "entities": {
            "hashtags": [
                
            ],
            "symbols": [
                
            ],
            "user_mentions": [
                {
                    "screen_name": "LKhemouche",
                    "name": "Lyes Khemouche",
                    "id": 1376019233793048576,
                    "id_str": "1376019233793048576",
                    "indices": [
                        3,
                        14
                    ]
                }
            ],
            "urls": [
                
            ]
        },
        "source": "",
        "in_reply_to_status_id": null,
        "in_reply_to_status_id_str": null,
        "in_reply_to_user_id": null,
        "in_reply_to_user_id_str": null,
        "in_reply_to_screen_name": null,
        "user": {
            "id": 1376019233793048576,
            "id_str": "1376019233793048576",
            "name": "Lyes Khemouche",
            "screen_name": "LKhemouche",
            "location": "",
            "description": "",
            "url": null,
            "entities": {
                "description": {
                    "urls": [
                        
                    ]
                }
            },
            "protected": false,
            "followers_count": 4,
            "friends_count": 2,
            "listed_count": 2,
            "created_at": "Sun Mar 28 03:52:18 +0000 2021",
            "favourites_count": 0,
            "utc_offset": null,
            "time_zone": null,
            "geo_enabled": false,
            "verified": false,
            "statuses_count": 28,
            "lang": null,
            "contributors_enabled": false,
            "is_translator": false,
            "is_translation_enabled": false,
            "profile_background_color": "F5F8FA",
            "profile_background_image_url": null,
            "profile_background_image_url_https": null,
            "profile_background_tile": false,
            "profile_image_url": "http://abs.twimg.com/sticky/default_profile_images/default_profile_normal.png",
            "profile_image_url_https": "https://abs.twimg.com/sticky/default_profile_images/default_profile_normal.png",
            "profile_link_color": "1DA1F2",
            "profile_sidebar_border_color": "C0DEED",
            "profile_sidebar_fill_color": "DDEEF6",
            "profile_text_color": "333333",
            "profile_use_background_image": true,
            "has_extended_profile": true,
            "default_profile": true,
            "default_profile_image": true,
            "following": false,
            "follow_request_sent": false,
            "notifications": false,
            "translator_type": "none"
        },
        "geo": null,
        "coordinates": null,
        "place": null,
        "contributors": null,
        "retweeted_status": {
            "created_at": "Fri Apr 02 17:42:47 +0000 2021",
            "id": 1378040227609128963,
            "id_str": "1378040227609128963",
            "text": "I am learning Rest API using Rest Assured and my First Tweet Same Tweet",
            "truncated": false,
            "entities": {
                "hashtags": [
                    
                ],
                "symbols": [
                    
                ],
                "user_mentions": [
                    
                ],
                "urls": [
                    
                ]
            },
            "source": "",
            "in_reply_to_status_id": null,
            "in_reply_to_status_id_str": null,
            "in_reply_to_user_id": null,
            "in_reply_to_user_id_str": null,
            "in_reply_to_screen_name": null,
            "user": {
                "id": 1376019233793048576,
                "id_str": "1376019233793048576",
                "name": "Lyes Khemouche",
                "screen_name": "LKhemouche",
                "location": "",
                "description": "",
                "url": null,
                "entities": {
                    "description": {
                        "urls": [
                            
                        ]
                    }
                },
                "protected": false,
                "followers_count": 4,
                "friends_count": 2,
                "listed_count": 2,
                "created_at": "Sun Mar 28 03:52:18 +0000 2021",
                "favourites_count": 0,
                "utc_offset": null,
                "time_zone": null,
                "geo_enabled": false,
                "verified": false,
                "statuses_count": 28,
                "lang": null,
                "contributors_enabled": false,
                "is_translator": false,
                "is_translation_enabled": false,
                "profile_background_color": "F5F8FA",
                "profile_background_image_url": null,
                "profile_background_image_url_https": null,
                "profile_background_tile": false,
                "profile_image_url": "http://abs.twimg.com/sticky/default_profile_images/default_profile_normal.png",
                "profile_image_url_https": "https://abs.twimg.com/sticky/default_profile_images/default_profile_normal.png",
                "profile_link_color": "1DA1F2",
                "profile_sidebar_border_color": "C0DEED",
                "profile_sidebar_fill_color": "DDEEF6",
                "profile_text_color": "333333",
                "profile_use_background_image": true,
                "has_extended_profile": true,
                "default_profile": true,
                "default_profile_image": true,
                "following": false,
                "follow_request_sent": false,
                "notifications": false,
                "translator_type": "none"
            },
            "geo": null,
            "coordinates": null,
            "place": null,
            "contributors": null,
            "is_quote_status": false,
            "retweet_count": 1,
            "favorite_count": 0,
            "favorited": false,
            "retweeted": true,
            "lang": "en"
        },
        "is_quote_status": false,
        "retweet_count": 1,
        "favorite_count": 0,
        "favorited": false,
        "retweeted": true,
        "lang": "en"
    },
    {
        "created_at": "Tue Apr 06 06:08:43 +0000 2021",
        "id": 1379315111962292229,
        "id_str": "1379315111962292229",
        "text": "This is for Halimd49f9ac9-f6fd-4f1f-9da1-8fbd64ecf3fe",
        "truncated": false,
        "entities": {
            "hashtags": [
                
            ],
            "symbols": [
                
            ],
            "user_mentions": [
                
            ],
            "urls": [
                
            ]
        },
        "source": "",
        "in_reply_to_status_id": null,
        "in_reply_to_status_id_str": null,
        "in_reply_to_user_id": null,
        "in_reply_to_user_id_str": null,
        "in_reply_to_screen_name": null,
        "user": {
            "id": 1376019233793048576,
            "id_str": "1376019233793048576",
            "name": "Lyes Khemouche",
            "screen_name": "LKhemouche",
            "location": "",
            "description": "",
            "url": null,
            "entities": {
                "description": {
                    "urls": [
                        
                    ]
                }
            },
            "protected": false,
            "followers_count": 4,
            "friends_count": 2,
            "listed_count": 2,
            "created_at": "Sun Mar 28 03:52:18 +0000 2021",
            "favourites_count": 0,
            "utc_offset": null,
            "time_zone": null,
            "geo_enabled": false,
            "verified": false,
            "statuses_count": 28,
            "lang": null,
            "contributors_enabled": false,
            "is_translator": false,
            "is_translation_enabled": false,
            "profile_background_color": "F5F8FA",
            "profile_background_image_url": null,
            "profile_background_image_url_https": null,
            "profile_background_tile": false,
            "profile_image_url": "http://abs.twimg.com/sticky/default_profile_images/default_profile_normal.png",
            "profile_image_url_https": "https://abs.twimg.com/sticky/default_profile_images/default_profile_normal.png",
            "profile_link_color": "1DA1F2",
            "profile_sidebar_border_color": "C0DEED",
            "profile_sidebar_fill_color": "DDEEF6",
            "profile_text_color": "333333",
            "profile_use_background_image": true,
            "has_extended_profile": true,
            "default_profile": true,
            "default_profile_image": true,
            "following": false,
            "follow_request_sent": false,
            "notifications": false,
            "translator_type": "none"
        },
        "geo": null,
        "coordinates": null,
        "place": null,
        "contributors": null,
        "is_quote_status": false,
        "retweet_count": 0,
        "favorite_count": 1,
        "favorited": false,
        "retweeted": false,
        "lang": "en"
    },
    {
        "created_at": "Mon Apr 05 22:51:58 +0000 2021",
        "id": 1379205199580033024,
        "id_str": "1379205199580033024",
        "text": "This is just a reply",
        "truncated": false,
        "entities": {
            "hashtags": [
                
            ],
            "symbols": [
                
            ],
            "user_mentions": [
                
            ],
            "urls": [
                
            ]
        },
        "source": "<a href=\"https://mobile.twitter.com\" rel=\"nofollow\">Twitter Web App</a>",
        "in_reply_to_status_id": 1379117354064486411,
        "in_reply_to_status_id_str": "1379117354064486411",
        "in_reply_to_user_id": 1376019233793048576,
        "in_reply_to_user_id_str": "1376019233793048576",
        "in_reply_to_screen_name": "LKhemouche",
        "user": {
            "id": 1376019233793048576,
            "id_str": "1376019233793048576",
            "name": "Lyes Khemouche",
            "screen_name": "LKhemouche",
            "location": "",
            "description": "",
            "url": null,
            "entities": {
                "description": {
                    "urls": [
                        
                    ]
                }
            },
            "protected": false,
            "followers_count": 4,
            "friends_count": 2,
            "listed_count": 2,
            "created_at": "Sun Mar 28 03:52:18 +0000 2021",
            "favourites_count": 0,
            "utc_offset": null,
            "time_zone": null,
            "geo_enabled": false,
            "verified": false,
            "statuses_count": 28,
            "lang": null,
            "contributors_enabled": false,
            "is_translator": false,
            "is_translation_enabled": false,
            "profile_background_color": "F5F8FA",
            "profile_background_image_url": null,
            "profile_background_image_url_https": null,
            "profile_background_tile": false,
            "profile_image_url": "http://abs.twimg.com/sticky/default_profile_images/default_profile_normal.png",
[...]
        }
    ]
}
]]></system-out>
  </testcase>
  <testcase name="testCannotGetCustomProfilesList" classname="tweettest.TweetAPIClientTest" time="0.285">
    <system-out><![CDATA[{
    "errors": [
        {
            "code": 87,
            "message": "Client is not permitted to perform this action."
        }
    ]
}
]]></system-out>
  </testcase>
  <testcase name="testCannotDeleteCustomProfiles" classname="tweettest.TweetAPIClientTest" time="0.285">
    <failure message="Cannot invoke the path method because no content-type was present in the response and no default parser has been set.&#10;&#10;You can specify a default parser using e.g.:&#10;RestAssured.defaultParser = Parser.JSON;&#10;" type="java.lang.IllegalStateException"><![CDATA[java.lang.IllegalStateException: 
Cannot invoke the path method because no content-type was present in the response and no default parser has been set.

You can specify a default parser using e.g.:
RestAssured.defaultParser = Parser.JSON;

	at tweettest.TweetAPIClientTest.testCannotDeleteCustomProfiles(TweetAPIClientTest.java:402)
]]></failure>
    <system-out><![CDATA[POST is not allowed on path /1.1/custom_profiles/destroy.json
]]></system-out>
  </testcase>
  <testcase name="testCreateFavoriteGif" classname="tweettest.TweetAPIClientTest" time="0.324">
    <system-out><![CDATA[{
    "created_at": "Wed Apr 07 15:45:29 +0000 2021",
    "id": 1379822648633520129,
    "id_str": "1379822648633520129",
    "text": "https://t.co/OPPnbu0223",
    "truncated": false,
    "entities": {
        "hashtags": [
            
        ],
        "symbols": [
            
        ],
        "user_mentions": [
            
        ],
        "urls": [
            
        ],
        "media": [
            {
                "id": 1379822642266509313,
                "id_str": "1379822642266509313",
                "indices": [
                    0,
                    23
                ],
                "media_url": "http://pbs.twimg.com/tweet_video_thumb/EyYdYe1WEAExM0n.jpg",
                "media_url_https": "https://pbs.twimg.com/tweet_video_thumb/EyYdYe1WEAExM0n.jpg",
                "url": "https://t.co/OPPnbu0223",
                "display_url": "pic.twitter.com/OPPnbu0223",
                "expanded_url": "https://twitter.com/LKhemouche/status/1379822648633520129/photo/1",
                "type": "photo",
                "sizes": {
                    "thumb": {
                        "w": 150,
                        "h": 150,
                        "resize": "crop"
                    },
                    "large": {
                        "w": 330,
                        "h": 312,
                        "resize": "fit"
                    },
                    "small": {
                        "w": 330,
                        "h": 312,
                        "resize": "fit"
                    },
                    "medium": {
                        "w": 330,
                        "h": 312,
                        "resize": "fit"
                    }
                }
            }
        ]
    },
    "extended_entities": {
        "media": [
            {
                "id": 1379822642266509313,
                "id_str": "1379822642266509313",
                "indices": [
                    0,
                    23
                ],
                "media_url": "http://pbs.twimg.com/tweet_video_thumb/EyYdYe1WEAExM0n.jpg",
                "media_url_https": "https://pbs.twimg.com/tweet_video_thumb/EyYdYe1WEAExM0n.jpg",
                "url": "https://t.co/OPPnbu0223",
                "display_url": "pic.twitter.com/OPPnbu0223",
                "expanded_url": "https://twitter.com/LKhemouche/status/1379822648633520129/photo/1",
                "type": "animated_gif",
                "sizes": {
                    "thumb": {
                        "w": 150,
                        "h": 150,
                        "resize": "crop"
                    },
                    "large": {
                        "w": 330,
                        "h": 312,
                        "resize": "fit"
                    },
                    "small": {
                        "w": 330,
                        "h": 312,
                        "resize": "fit"
                    },
                    "medium": {
                        "w": 330,
                        "h": 312,
                        "resize": "fit"
                    }
                },
                "video_info": {
                    "aspect_ratio": [
                        55,
                        52
                    ],
                    "variants": [
                        {
                            "bitrate": 0,
                            "content_type": "video/mp4",
                            "url": "https://video.twimg.com/tweet_video/EyYdYe1WEAExM0n.mp4"
                        }
                    ]
                }
            }
        ]
    },
    "source": "<a href=\"https://mobile.twitter.com\" rel=\"nofollow\">Twitter Web App</a>",
    "in_reply_to_status_id": null,
    "in_reply_to_status_id_str": null,
    "in_reply_to_user_id": null,
    "in_reply_to_user_id_str": null,
    "in_reply_to_screen_name": null,
    "user": {
        "id": 1376019233793048576,
        "id_str": "1376019233793048576",
        "name": "Lyes Khemouche",
        "screen_name": "LKhemouche",
        "location": "",
        "description": "",
        "url": null,
        "entities": {
            "description": {
                "urls": [
                    
                ]
            }
        },
        "protected": false,
        "followers_count": 4,
        "friends_count": 2,
        "listed_count": 2,
        "created_at": "Sun Mar 28 03:52:18 +0000 2021",
        "favourites_count": 1,
        "utc_offset": null,
        "time_zone": null,
        "geo_enabled": false,
        "verified": false,
        "statuses_count": 28,
        "lang": null,
        "contributors_enabled": false,
        "is_translator": false,
        "is_translation_enabled": false,
        "profile_background_color": "F5F8FA",
        "profile_background_image_url": null,
        "profile_background_image_url_https": null,
        "profile_background_tile": false,
        "profile_image_url": "http://abs.twimg.com/sticky/default_profile_images/default_profile_normal.png",
        "profile_image_url_https": "https://abs.twimg.com/sticky/default_profile_images/default_profile_normal.png",
        "profile_link_color": "1DA1F2",
        "profile_sidebar_border_color": "C0DEED",
        "profile_sidebar_fill_color": "DDEEF6",
        "profile_text_color": "333333",
        "profile_use_background_image": true,
        "has_extended_profile": true,
        "default_profile": true,
        "default_profile_image": true,
        "following": false,
        "follow_request_sent": false,
        "notifications": false,
        "translator_type": "none"
    },
    "geo": null,
    "coordinates": null,
    "place": null,
    "contributors": null,
    "is_quote_status": false,
    "retweet_count": 0,
    "favorite_count": 0,
    "favorited": true,
    "retweeted": false,
    "possibly_sensitive": false,
    "lang": "und"
}
]]></system-out>
  </testcase>
  <testcase name="testUserCanBlockByScreenName" classname="tweettest.TweetAPIClientTest" time="0.358">
    <system-out><![CDATA[{
    "id": 43480585,
    "id_str": "43480585",
    "name": "Martin Shkreli",
    "screen_name": "RealShkreli",
    "location": "White Deer, PA",
    "description": "America's Most Hated Man. Inmate # 87850-053.",
    "url": null,
    "entities": {
        "description": {
            "urls": [
                
            ]
        }
    },
    "protected": false,
    "followers_count": 3474,
    "friends_count": 203,
    "listed_count": 19,
    "created_at": "Sat May 30 04:31:22 +0000 2009",
    "favourites_count": 821,
    "utc_offset": null,
    "time_zone": null,
    "geo_enabled": true,
    "verified": false,
    "statuses_count": 1559,
    "lang": null,
    "status": {
        "created_at": "Mon Mar 09 01:44:55 +0000 2020",
        "id": 1236830292188565505,
        "id_str": "1236830292188565505",
        "text": "You should assume I have a conflict of interest on everything I talk about (even in sports, music and politics!) gi… https://t.co/wHyl2rryuE",
        "truncated": true,
        "entities": {
            "hashtags": [
                
            ],
            "symbols": [
                
            ],
            "user_mentions": [
                
            ],
            "urls": [
                {
                    "url": "https://t.co/wHyl2rryuE",
                    "expanded_url": "https://twitter.com/i/web/status/1236830292188565505",
                    "display_url": "twitter.com/i/web/status/1…",
                    "indices": [
                        117,
                        140
                    ]
                }
            ]
        },
        "source": "<a href=\"https://mobile.twitter.com\" rel=\"nofollow\">Twitter Web App</a>",
        "in_reply_to_status_id": null,
        "in_reply_to_status_id_str": null,
        "in_reply_to_user_id": null,
        "in_reply_to_user_id_str": null,
        "in_reply_to_screen_name": null,
        "geo": null,
        "coordinates": null,
        "place": null,
        "contributors": null,
        "is_quote_status": false,
        "retweet_count": 13,
        "favorite_count": 128,
        "favorited": false,
        "retweeted": false,
        "lang": "en"
    },
    "contributors_enabled": false,
    "is_translator": false,
    "is_translation_enabled": false,
    "profile_background_color": "9AE4E8",
    "profile_background_image_url": "http://abs.twimg.com/images/themes/theme1/bg.png",
    "profile_background_image_url_https": "https://abs.twimg.com/images/themes/theme1/bg.png",
    "profile_background_tile": false,
    "profile_image_url": "http://pbs.twimg.com/profile_images/1179077310579904512/3zfIURpY_normal.jpg",
    "profile_image_url_https": "https://pbs.twimg.com/profile_images/1179077310579904512/3zfIURpY_normal.jpg",
    "profile_banner_url": "https://pbs.twimg.com/profile_banners/43480585/1567698072",
    "profile_link_color": "0084B4",
    "profile_sidebar_border_color": "BDDCAD",
    "profile_sidebar_fill_color": "DDFFCC",
    "profile_text_color": "333333",
    "profile_use_background_image": true,
    "has_extended_profile": false,
    "default_profile": false,
    "default_profile_image": false,
    "following": false,
    "follow_request_sent": false,
    "notifications": false,
    "muting": false,
    "translator_type": "none"
}
]]></system-out>
  </testcase>
  <testcase name="testUserCanBlockById" classname="tweettest.TweetAPIClientTest" time="0.349">
    <system-out><![CDATA[{
    "id": 1192946702891790336,
    "id_str": "1192946702891790336",
    "name": "عبدالمجيد تبون - Abdelmadjid Tebboune",
    "screen_name": "TebbouneAmadjid",
    "location": "Algiers, Algeria",
    "description": "رئيس الجمهورية الجزائرية الديمقراطية الشعبية",
    "url": "https://t.co/1rKHW2EgFI",
    "entities": {
        "url": {
            "urls": [
                {
                    "url": "https://t.co/1rKHW2EgFI",
                    "expanded_url": "http://www.abdelmadjidtebboune2019.dz",
                    "display_url": "abdelmadjidtebboune2019.dz",
                    "indices": [
                        0,
                        23
                    ]
                }
            ]
        },
        "description": {
            "urls": [
                
            ]
        }
    },
    "protected": false,
    "followers_count": 653970,
    "friends_count": 27,
    "listed_count": 233,
    "created_at": "Fri Nov 08 23:27:31 +0000 2019",
    "favourites_count": 2,
    "utc_offset": null,
    "time_zone": null,
    "geo_enabled": false,
    "verified": true,
    "statuses_count": 81,
    "lang": null,
    "status": {
        "created_at": "Mon Mar 29 21:09:41 +0000 2021",
        "id": 1376642743506759683,
        "id_str": "1376642743506759683",
        "text": "شكرًا لمنتخبنا الوطني على هذا المشوار  المميز في التأهل لكأس إفريقيا، و الانجاز الباهر في تحقيق 24 مباراة متتالية ب… https://t.co/dK48cnoUy6",
        "truncated": true,
        "entities": {
            "hashtags": [
                
            ],
            "symbols": [
                
            ],
            "user_mentions": [
                
            ],
            "urls": [
                {
                    "url": "https://t.co/dK48cnoUy6",
                    "expanded_url": "https://twitter.com/i/web/status/1376642743506759683",
                    "display_url": "twitter.com/i/web/status/1…",
                    "indices": [
                        117,
                        140
                    ]
                }
            ]
        },
        "source": "<a href=\"http://twitter.com/download/iphone\" rel=\"nofollow\">Twitter for iPhone</a>",
        "in_reply_to_status_id": null,
        "in_reply_to_status_id_str": null,
        "in_reply_to_user_id": null,
        "in_reply_to_user_id_str": null,
        "in_reply_to_screen_name": null,
        "geo": null,
        "coordinates": null,
        "place": null,
        "contributors": null,
        "is_quote_status": false,
        "retweet_count": 705,
        "favorite_count": 10412,
        "favorited": false,
        "retweeted": false,
        "lang": "ar"
    },
    "contributors_enabled": false,
    "is_translator": false,
    "is_translation_enabled": false,
    "profile_background_color": "F5F8FA",
    "profile_background_image_url": null,
    "profile_background_image_url_https": null,
    "profile_background_tile": false,
    "profile_image_url": "http://pbs.twimg.com/profile_images/1226997056780296192/bWP6U4NN_normal.jpg",
    "profile_image_url_https": "https://pbs.twimg.com/profile_images/1226997056780296192/bWP6U4NN_normal.jpg",
    "profile_banner_url": "https://pbs.twimg.com/profile_banners/1192946702891790336/1581373872",
    "profile_link_color": "1DA1F2",
    "profile_sidebar_border_color": "C0DEED",
    "profile_sidebar_fill_color": "DDEEF6",
    "profile_text_color": "333333",
    "profile_use_background_image": true,
    "has_extended_profile": true,
    "default_profile": true,
    "default_profile_image": false,
    "following": false,
    "follow_request_sent": false,
    "notifications": false,
    "muting": false,
    "translator_type": "none"
}
]]></system-out>
  </testcase>
  <testcase name="testGetBlockList" classname="tweettest.TweetAPIClientTest" time="0.308">
    <system-out><![CDATA[{
    "users": [
        {
            "id": 1192946702891790336,
            "id_str": "1192946702891790336",
            "name": "عبدالمجيد تبون - Abdelmadjid Tebboune",
            "screen_name": "TebbouneAmadjid",
            "location": "Algiers, Algeria",
            "description": "رئيس الجمهورية الجزائرية الديمقراطية الشعبية",
            "url": "https://t.co/1rKHW2EgFI",
            "entities": {
                "url": {
                    "urls": [
                        {
                            "url": "https://t.co/1rKHW2EgFI",
                            "expanded_url": "http://www.abdelmadjidtebboune2019.dz",
                            "display_url": "abdelmadjidtebboune2019.dz",
                            "indices": [
                                0,
                                23
                            ]
                        }
                    ]
                },
                "description": {
                    "urls": [
                        
                    ]
                }
            },
            "protected": false,
            "followers_count": 653970,
            "friends_count": 27,
            "listed_count": 233,
            "created_at": "Fri Nov 08 23:27:31 +0000 2019",
            "favourites_count": 2,
            "utc_offset": null,
            "time_zone": null,
            "geo_enabled": false,
            "verified": true,
            "statuses_count": 81,
            "lang": null,
            "contributors_enabled": false,
            "is_translator": false,
            "is_translation_enabled": false,
            "profile_background_color": "F5F8FA",
            "profile_background_image_url": null,
            "profile_background_image_url_https": null,
            "profile_background_tile": false,
            "profile_image_url": "http://pbs.twimg.com/profile_images/1226997056780296192/bWP6U4NN_normal.jpg",
            "profile_image_url_https": "https://pbs.twimg.com/profile_images/1226997056780296192/bWP6U4NN_normal.jpg",
            "profile_banner_url": "https://pbs.twimg.com/profile_banners/1192946702891790336/1581373872",
            "profile_link_color": "1DA1F2",
            "profile_sidebar_border_color": "C0DEED",
            "profile_sidebar_fill_color": "DDEEF6",
            "profile_text_color": "333333",
            "profile_use_background_image": true,
            "has_extended_profile": true,
            "default_profile": true,
            "default_profile_image": false,
            "following": false,
            "live_following": false,
            "follow_request_sent": false,
            "notifications": false,
            "muting": false,
            "blocking": true,
            "blocked_by": false,
            "translator_type": "none"
        },
        {
            "id": 43480585,
            "id_str": "43480585",
            "name": "Martin Shkreli",
            "screen_name": "RealShkreli",
            "location": "White Deer, PA",
            "description": "America's Most Hated Man. Inmate # 87850-053.",
            "url": null,
            "entities": {
                "description": {
                    "urls": [
                        
                    ]
                }
            },
            "protected": false,
            "followers_count": 3474,
            "friends_count": 203,
            "listed_count": 19,
            "created_at": "Sat May 30 04:31:22 +0000 2009",
            "favourites_count": 821,
            "utc_offset": null,
            "time_zone": null,
            "geo_enabled": true,
            "verified": false,
            "statuses_count": 1559,
            "lang": null,
            "contributors_enabled": false,
            "is_translator": false,
            "is_translation_enabled": false,
            "profile_background_color": "9AE4E8",
            "profile_background_image_url": "http://abs.twimg.com/images/themes/theme1/bg.png",
            "profile_background_image_url_https": "https://abs.twimg.com/images/themes/theme1/bg.png",
            "profile_background_tile": false,
            "profile_image_url": "http://pbs.twimg.com/profile_images/1179077310579904512/3zfIURpY_normal.jpg",
            "profile_image_url_https": "https://pbs.twimg.com/profile_images/1179077310579904512/3zfIURpY_normal.jpg",
            "profile_banner_url": "https://pbs.twimg.com/profile_banners/43480585/1567698072",
            "profile_link_color": "0084B4",
            "profile_sidebar_border_color": "BDDCAD",
            "profile_sidebar_fill_color": "DDFFCC",
            "profile_text_color": "333333",
            "profile_use_background_image": true,
            "has_extended_profile": false,
            "default_profile": false,
            "default_profile_image": false,
            "following": false,
            "live_following": false,
            "follow_request_sent": false,
            "notifications": false,
            "muting": false,
            "blocking": true,
            "blocked_by": false,
            "translator_type": "none"
        }
    ],
    "next_cursor": 0,
    "next_cursor_str": "0",
    "previous_cursor": 0,
    "previous_cursor_str": "0",
    "total_count": null
}
]]></system-out>
  </testcase>
</testsuite>