<?xml version="1.0" encoding="UTF-8"?>
<!-- Generated by org.testng.reporters.JUnitXMLReporter -->
<testsuite ignored="0" hostname="lyess-MBP.lan" failures="0" tests="13" name="Surefire test" time="6.564" errors="0" timestamp="2021-04-09T02:08:26 CDT">
  <testcase classname="testpost.PostAPIClientTest" name="testCanGetPhotoUsingUrl" time="2.06"/>
  <testcase classname="testpost.PostAPIClientTest" name="testDeletePhotoUsingTitle" time="0.432"/>
  <testcase classname="testpost.PostAPIClientTest" name="testDeletePost" time="0.42"/>
  <testcase classname="testpost.PostAPIClientTest" name="testGetAlbumUsingTitle" time="0.4"/>
  <testcase classname="testpost.PostAPIClientTest" name="testGetAllPosts" time="0.292"/>
  <testcase classname="testpost.PostAPIClientTest" name="testGetPhotoUsingUrl" time="0.237"/>
  <testcase classname="testpost.PostAPIClientTest" name="testGetUsersUsingId" time="0.221"/>
  <testcase classname="testpost.PostAPIClientTest" name="testUserCanCreateAPostSuccessfully" time="0.615"/>
  <testcase classname="testpost.PostAPIClientTest" name="testUserCanCreateAPostUsingPojoSuccessfully" time="0.407"/>
  <testcase classname="testpost.PostAPIClientTest" name="testUserCanCreateTodos" time="0.373"/>
  <testcase classname="testpost.PostAPIClientTest" name="testUserCanGetPostsUsingId" time="0.223"/>
  <testcase classname="testpost.PostAPIClientTest" name="testUserCanPutAPostUsingPojoSuccessfully" time="0.419"/>
  <testcase classname="testpost.PostAPIClientTest" name="testUserCanUploadPicture" time="0.428"/>
</testsuite> <!-- Surefire test -->
